[+] Containers:
 |- [+] Container: /Game/Gameplay
 |   |- [+] ActorDescs:
 |   |   |- Guid:02208886431F2D838AC1A899B8527962 BaseClass: NativeClass:/Script/Engine.StaticMeshActor Name:StaticMeshActor_17 Label:SM_Cube SpatiallyLoaded:1 Bounds:IsValid=true, Min=(X=0.000 Y=0.000 Z=-50.000), Max=(X=10000.000 Y=10000.000 Z=0.000) RuntimeGrid:None EditorOnly:0 RuntimeOnly:0 HLODRelevant:1 ListedInSceneOutliner:1 IsMainWorldOnly:0 FolderPath:Playground FolderGuid:9FE5E8B349AF71F05F2688921F3F2AC5
 |   |   |- Guid:067E5E0448DB93161853E78D48B0CD32 BaseClass: NativeClass:/Script/Engine.StaticMeshActor Name:StaticMeshActor_18 Label:SM_Cube2 SpatiallyLoaded:1 Bounds:IsValid=true, Min=(X=0.000 Y=0.000 Z=0.000), Max=(X=10000.000 Y=100.000 Z=400.000) RuntimeGrid:None EditorOnly:0 RuntimeOnly:0 HLODRelevant:1 ListedInSceneOutliner:1 IsMainWorldOnly:0 FolderPath:Playground FolderGuid:9FE5E8B349AF71F05F2688921F3F2AC5
 |   |   |- Guid:17AE881E4857325FA6C9E2924F5EA5ED BaseClass: NativeClass:/Script/Engine.DirectionalLight Name:DirectionalLight_1 Label:DirectionalLight SpatiallyLoaded:0 Bounds:Invalid RuntimeGrid:None EditorOnly:0 RuntimeOnly:0 HLODRelevant:0 ListedInSceneOutliner:1 IsMainWorldOnly:0 FolderPath:Lighting FolderGuid:4C9334684BA61B42C769F799D2576455
 |   |   |- Guid:1C954F814889AD063D4275B20208B15B BaseClass: NativeClass:/Script/Engine.StaticMeshActor Name:StaticMeshActor_40 Label:SM_Cylinder10 SpatiallyLoaded:1 Bounds:IsValid=true, Min=(X=4970.000 Y=3550.000 Z=0.000), Max=(X=5070.000 Y=3650.000 Z=300.000) RuntimeGrid:None EditorOnly:0 RuntimeOnly:0 HLODRelevant:1 ListedInSceneOutliner:1 IsMainWorldOnly:0 FolderPath:Pillars FolderGuid:BB8AF4C246C38D173850E8B115A3DCFE
 |   |   |- Guid:1F2B7F2447DB23D9D9889EBDFC0A46DA BaseClass: NativeClass:/Script/NavigationSystem.NavMeshBoundsVolume Name:NavMeshBoundsVolume_1 Label:NavMeshBoundsVolume SpatiallyLoaded:0 Bounds:IsValid=true, Min=(X=0.000 Y=0.000 Z=-110.000), Max=(X=10000.000 Y=10000.000 Z=390.000) RuntimeGrid:None EditorOnly:0 RuntimeOnly:0 HLODRelevant:0 ListedInSceneOutliner:1 IsMainWorldOnly:0 FolderPath:Navigation FolderGuid:AE45D61F453CC144CF8289862C276E89
 |   |   |- Guid:2197C8594D8AB404A70BA687DB9ACFDD BaseClass: NativeClass:/Script/Engine.StaticMeshActor Name:StaticMeshActor_19 Label:SM_Cube3 SpatiallyLoaded:1 Bounds:IsValid=true, Min=(X=0.000 Y=10000.000 Z=0.000), Max=(X=10000.000 Y=10100.000 Z=400.000) RuntimeGrid:None EditorOnly:0 RuntimeOnly:0 HLODRelevant:1 ListedInSceneOutliner:1 IsMainWorldOnly:0 FolderPath:Playground FolderGuid:9FE5E8B349AF71F05F2688921F3F2AC5
 |   |   |- Guid:282155884F0982DA603F5AAC4C2F4E14 BaseClass: NativeClass:/Script/Engine.VolumetricCloud Name:VolumetricCloud_0 Label:VolumetricCloud SpatiallyLoaded:0 Bounds:IsValid=true, Min=(X=0.000 Y=0.000 Z=820.000), Max=(X=0.000 Y=0.000 Z=820.000) RuntimeGrid:None EditorOnly:0 RuntimeOnly:0 HLODRelevant:0 ListedInSceneOutliner:1 IsMainWorldOnly:0 FolderPath:Lighting FolderGuid:4C9334684BA61B42C769F799D2576455
 |   |   |- Guid:2C224681490F035C0F4118A9E90EF46E BaseClass: NativeClass:/Script/Engine.ExponentialHeightFog Name:ExponentialHeightFog_1 Label:ExponentialHeightFog SpatiallyLoaded:0 Bounds:IsValid=true, Min=(X=-5600.000 Y=-50.000 Z=-6850.000), Max=(X=-5600.000 Y=-50.000 Z=-6850.000) RuntimeGrid:None EditorOnly:0 RuntimeOnly:0 HLODRelevant:0 ListedInSceneOutliner:1 IsMainWorldOnly:0 FolderPath:Lighting FolderGuid:4C9334684BA61B42C769F799D2576455
 |   |   |- Guid:3323D9384683B99AEFFEE7B0FB423BC3 BaseClass: NativeClass:/Script/Engine.StaticMeshActor Name:StaticMeshActor_UAID_A4AE111137DC5CFB00_1660657071 Label:SM_SkySphere SpatiallyLoaded:0 Bounds:IsValid=true, Min=(X=-1638400.000 Y=-1638400.000 Z=-1638400.000), Max=(X=1638400.000 Y=1638400.000 Z=1638400.000) RuntimeGrid:None EditorOnly:0 RuntimeOnly:0 HLODRelevant:0 ListedInSceneOutliner:1 IsMainWorldOnly:0 FolderPath:Lighting FolderGuid:4C9334684BA61B42C769F799D2576455
 |   |   |- Guid:34C9618549BEE4F0F84A8F98A56E8C5E BaseClass: NativeClass:/Script/Engine.StaticMeshActor Name:StaticMeshActor_3 Label:SM_Cylinder11 SpatiallyLoaded:1 Bounds:IsValid=true, Min=(X=6930.000 Y=5600.000 Z=0.000), Max=(X=7030.000 Y=5700.000 Z=300.000) RuntimeGrid:None EditorOnly:0 RuntimeOnly:0 HLODRelevant:1 ListedInSceneOutliner:1 IsMainWorldOnly:0 FolderPath:Pillars FolderGuid:BB8AF4C246C38D173850E8B115A3DCFE
 |   |   |- Guid:3506D10B44478E7C6EE29AA7E1076142 BaseClass: NativeClass:/Script/Engine.StaticMeshActor Name:StaticMeshActor_35 Label:SM_Cylinder5 SpatiallyLoaded:1 Bounds:IsValid=true, Min=(X=1750.000 Y=2750.000 Z=0.000), Max=(X=1850.000 Y=2850.000 Z=300.000) RuntimeGrid:None EditorOnly:0 RuntimeOnly:0 HLODRelevant:1 ListedInSceneOutliner:1 IsMainWorldOnly:0 FolderPath:Pillars FolderGuid:BB8AF4C246C38D173850E8B115A3DCFE
 |   |   |- Guid:36BF938741D7C94DEBCA82BBF29DB61C BaseClass: NativeClass:/Script/Engine.StaticMeshActor Name:StaticMeshActor_37 Label:SM_Cylinder7 SpatiallyLoaded:1 Bounds:IsValid=true, Min=(X=6140.000 Y=7020.000 Z=0.000), Max=(X=6240.000 Y=7120.000 Z=300.000) RuntimeGrid:None EditorOnly:0 RuntimeOnly:0 HLODRelevant:1 ListedInSceneOutliner:1 IsMainWorldOnly:0 FolderPath:Pillars FolderGuid:BB8AF4C246C38D173850E8B115A3DCFE
 |   |   |- Guid:3F941CD6453B4B2256E8828B9542BAD6 BaseClass: NativeClass:/Script/Engine.StaticMeshActor Name:StaticMeshActor_38 Label:SM_Cylinder8 SpatiallyLoaded:1 Bounds:IsValid=true, Min=(X=2250.000 Y=5220.000 Z=0.000), Max=(X=2350.000 Y=5320.000 Z=300.000) RuntimeGrid:None EditorOnly:0 RuntimeOnly:0 HLODRelevant:1 ListedInSceneOutliner:1 IsMainWorldOnly:0 FolderPath:Pillars FolderGuid:BB8AF4C246C38D173850E8B115A3DCFE
 |   |   |- Guid:488F0EDE4CB90BF102A35088497257A5 BaseClass: NativeClass:/Script/Engine.StaticMeshActor Name:StaticMeshActor_27 Label:SM_Cube10 SpatiallyLoaded:1 Bounds:IsValid=true, Min=(X=1900.000 Y=400.000 Z=100.000), Max=(X=2400.000 Y=600.000 Z=200.000) RuntimeGrid:None EditorOnly:0 RuntimeOnly:0 HLODRelevant:1 ListedInSceneOutliner:1 IsMainWorldOnly:0 FolderPath:Block01 FolderGuid:4C556963462B5D49496AD286A4690C47
 |   |   |- Guid:537E22134E10664EA4FFB2B07F6DBAC7 BaseClass: NativeClass:/Script/Engine.StaticMeshActor Name:StaticMeshActor_21 Label:SM_Ramp2 SpatiallyLoaded:1 Bounds:IsValid=true, Min=(X=1400.000 Y=600.000 Z=0.000), Max=(X=1600.000 Y=1000.000 Z=100.000) RuntimeGrid:None EditorOnly:0 RuntimeOnly:0 HLODRelevant:1 ListedInSceneOutliner:1 IsMainWorldOnly:0 FolderPath:Block01 FolderGuid:4C556963462B5D49496AD286A4690C47
 |   |   |- Guid:55E3E79740974B2B9DD3F8B2F2F31F76 BaseClass: NativeClass:/Script/Engine.StaticMeshActor Name:StaticMeshActor_0 Label:SM_QuarterCylinder7 SpatiallyLoaded:1 Bounds:IsValid=true, Min=(X=1900.000 Y=900.000 Z=0.000), Max=(X=2000.000 Y=1000.000 Z=200.000) RuntimeGrid:None EditorOnly:0 RuntimeOnly:0 HLODRelevant:1 ListedInSceneOutliner:1 IsMainWorldOnly:0 FolderPath:Block01 FolderGuid:4C556963462B5D49496AD286A4690C47
 |   |   |- Guid:5C893A2F40E7AE0A17C43D8BE520DCFE BaseClass: NativeClass:/Script/Engine.StaticMeshActor Name:StaticMeshActor_28 Label:SM_QuarterCylinder3 SpatiallyLoaded:1 Bounds:IsValid=true, Min=(X=2400.000 Y=400.000 Z=0.000), Max=(X=2500.000 Y=500.000 Z=200.000) RuntimeGrid:None EditorOnly:0 RuntimeOnly:0 HLODRelevant:1 ListedInSceneOutliner:1 IsMainWorldOnly:0 FolderPath:Block01 FolderGuid:4C556963462B5D49496AD286A4690C47
 |   |   |- Guid:7A5001704EF193B706C20FB43BCAE82A BaseClass: NativeClass:/Script/Engine.StaticMeshActor Name:StaticMeshActor_39 Label:SM_Cylinder9 SpatiallyLoaded:1 Bounds:IsValid=true, Min=(X=2450.000 Y=8770.000 Z=0.000), Max=(X=2550.000 Y=8870.000 Z=300.000) RuntimeGrid:None EditorOnly:0 RuntimeOnly:0 HLODRelevant:1 ListedInSceneOutliner:1 IsMainWorldOnly:0 FolderPath:Pillars FolderGuid:BB8AF4C246C38D173850E8B115A3DCFE
 |   |   |- Guid:8342DDAC47B5F05ED6DAE1A51B93D11F BaseClass: NativeClass:/Script/Engine.StaticMeshActor Name:StaticMeshActor_20 Label:SM_Cube4 SpatiallyLoaded:1 Bounds:IsValid=true, Min=(X=2000.000 Y=600.000 Z=0.000), Max=(X=2400.000 Y=1000.000 Z=200.000) RuntimeGrid:None EditorOnly:0 RuntimeOnly:0 HLODRelevant:1 ListedInSceneOutliner:1 IsMainWorldOnly:0 FolderPath:Block01 FolderGuid:4C556963462B5D49496AD286A4690C47
 |   |   |- Guid:8DC0B0334C9140AE0E4314824C5621B4 BaseClass: NativeClass:/Script/Engine.SkyLight Name:SkyLight_1 Label:SkyLight SpatiallyLoaded:0 Bounds:IsValid=true, Min=(X=0.000 Y=0.000 Z=690.000), Max=(X=0.000 Y=0.000 Z=690.000) RuntimeGrid:None EditorOnly:0 RuntimeOnly:0 HLODRelevant:0 ListedInSceneOutliner:1 IsMainWorldOnly:0 FolderPath:Lighting FolderGuid:4C9334684BA61B42C769F799D2576455
 |   |   |- Guid:929C7DC24BD5D772A030AFB3E73DE50E BaseClass: NativeClass:/Script/Engine.WorldDataLayers Name:WorldDataLayers Label:WorldDataLayers SpatiallyLoaded:0 Bounds:Invalid RuntimeGrid:None EditorOnly:0 RuntimeOnly:0 HLODRelevant:0 ListedInSceneOutliner:1 IsMainWorldOnly:1
 |   |   |- Guid:9B17C4B242E8442BA48FF494EF4BBF25 BaseClass: NativeClass:/Script/AIModule.NavLinkProxy Name:NavLinkProxy_3 Label:NavLinkProxy3 SpatiallyLoaded:1 Bounds:IsValid=true, Min=(X=2240.000 Y=1030.000 Z=90.000), Max=(X=2240.000 Y=1030.000 Z=90.000) RuntimeGrid:None EditorOnly:0 RuntimeOnly:0 HLODRelevant:0 ListedInSceneOutliner:1 IsMainWorldOnly:0 FolderPath:Navigation FolderGuid:AE45D61F453CC144CF8289862C276E89
 |   |   |- Guid:9B393582456377B5004CBDA223DCAF05 BaseClass: NativeClass:/Script/Engine.StaticMeshActor Name:StaticMeshActor_25 Label:SM_Cube9 SpatiallyLoaded:1 Bounds:IsValid=true, Min=(X=1400.000 Y=400.000 Z=0.000), Max=(X=2400.000 Y=600.000 Z=100.000) RuntimeGrid:None EditorOnly:0 RuntimeOnly:0 HLODRelevant:1 ListedInSceneOutliner:1 IsMainWorldOnly:0 FolderPath:Block01 FolderGuid:4C556963462B5D49496AD286A4690C47
 |   |   |- Guid:A9B70EF14219901CF4F571A6A65EB675 BaseClass: NativeClass:/Script/Engine.StaticMeshActor Name:StaticMeshActor_22 Label:SM_Cube5 SpatiallyLoaded:1 Bounds:IsValid=true, Min=(X=-0.000 Y=100.000 Z=0.000), Max=(X=100.000 Y=10100.000 Z=400.000) RuntimeGrid:None EditorOnly:0 RuntimeOnly:0 HLODRelevant:1 ListedInSceneOutliner:1 IsMainWorldOnly:0 FolderPath:Playground FolderGuid:9FE5E8B349AF71F05F2688921F3F2AC5
 |   |   |- Guid:BB2AE6C9438D00565A8205A2DA25A7F6 BaseClass: NativeClass:/Script/Engine.StaticMeshActor Name:StaticMeshActor_1 Label:SM_Cube8 SpatiallyLoaded:1 Bounds:IsValid=true, Min=(X=1900.000 Y=600.000 Z=0.000), Max=(X=2000.000 Y=900.000 Z=200.000) RuntimeGrid:None EditorOnly:0 RuntimeOnly:0 HLODRelevant:1 ListedInSceneOutliner:1 IsMainWorldOnly:0 FolderPath:Block01 FolderGuid:4C556963462B5D49496AD286A4690C47
 |   |   |- Guid:CB3782FF4F49190C3925FA8F0C017FB7 BaseClass: NativeClass:/Script/Engine.StaticMeshActor Name:StaticMeshActor_23 Label:SM_Cube6 SpatiallyLoaded:1 Bounds:IsValid=true, Min=(X=9900.000 Y=100.000 Z=0.000), Max=(X=10000.000 Y=10100.000 Z=400.000) RuntimeGrid:None EditorOnly:0 RuntimeOnly:0 HLODRelevant:1 ListedInSceneOutliner:1 IsMainWorldOnly:0 FolderPath:Playground FolderGuid:9FE5E8B349AF71F05F2688921F3F2AC5
 |   |   |- Guid:CBD930F1453CB49054DC3AA368D15911 BaseClass: NativeClass:/Script/Engine.PlayerStart Name:PlayerStart_0 Label:PlayerStart SpatiallyLoaded:0 Bounds:IsValid=true, Min=(X=960.000 Y=1770.000 Z=0.013), Max=(X=1040.000 Y=1850.000 Z=184.013) RuntimeGrid:None EditorOnly:0 RuntimeOnly:0 HLODRelevant:0 ListedInSceneOutliner:1 IsMainWorldOnly:0
 |   |   |- Guid:CE1992044E426F7F1735B6A8422124F6 BaseClass: NativeClass:/Script/Engine.StaticMeshActor Name:StaticMeshActor_29 Label:SM_QuarterCylinder6 SpatiallyLoaded:1 Bounds:IsValid=true, Min=(X=2400.000 Y=900.000 Z=0.000), Max=(X=2500.000 Y=1000.000 Z=200.000) RuntimeGrid:None EditorOnly:0 RuntimeOnly:0 HLODRelevant:1 ListedInSceneOutliner:1 IsMainWorldOnly:0 FolderPath:Block01 FolderGuid:4C556963462B5D49496AD286A4690C47
 |   |   |- Guid:D23F91BA472EC6C95871E99E0183F00B BaseClass: NativeClass:/Script/Engine.StaticMeshActor Name:StaticMeshActor_24 Label:SM_Cube7 SpatiallyLoaded:1 Bounds:IsValid=true, Min=(X=2400.000 Y=500.000 Z=0.000), Max=(X=2500.000 Y=900.000 Z=200.000) RuntimeGrid:None EditorOnly:0 RuntimeOnly:0 HLODRelevant:1 ListedInSceneOutliner:1 IsMainWorldOnly:0 FolderPath:Block01 FolderGuid:4C556963462B5D49496AD286A4690C47
 |   |   |- Guid:D7BCFC6744C83AE3E48DC8B530D6B1C9 BaseClass: NativeClass:/Script/Engine.PostProcessVolume Name:PostProcessVolume_1 Label:PostProcessVolume SpatiallyLoaded:0 Bounds:IsValid=true, Min=(X=0.000 Y=0.000 Z=400.000), Max=(X=200.000 Y=200.000 Z=600.000) RuntimeGrid:None EditorOnly:0 RuntimeOnly:0 HLODRelevant:0 ListedInSceneOutliner:1 IsMainWorldOnly:0 FolderPath:Lighting FolderGuid:4C9334684BA61B42C769F799D2576455
 |   |   |- Guid:DD732BDC45E279A30D04729D9120FDBA BaseClass: NativeClass:/Script/Engine.StaticMeshActor Name:StaticMeshActor_34 Label:SM_Cylinder4 SpatiallyLoaded:1 Bounds:IsValid=true, Min=(X=1010.000 Y=7590.000 Z=0.000), Max=(X=1110.000 Y=7690.000 Z=300.000) RuntimeGrid:None EditorOnly:0 RuntimeOnly:0 HLODRelevant:1 ListedInSceneOutliner:1 IsMainWorldOnly:0 FolderPath:Pillars FolderGuid:BB8AF4C246C38D173850E8B115A3DCFE
 |   |   |- Guid:E0EB1E604BB068CAA7CC49AEBAF8A7C8 BaseClass: NativeClass:/Script/Engine.StaticMeshActor Name:StaticMeshActor_66 Label:SM_Cylinder15 SpatiallyLoaded:1 Bounds:IsValid=true, Min=(X=2550.000 Y=1870.000 Z=0.000), Max=(X=2650.000 Y=1970.000 Z=300.000) RuntimeGrid:None EditorOnly:0 RuntimeOnly:0 HLODRelevant:1 ListedInSceneOutliner:1 IsMainWorldOnly:0 FolderPath:Pillars FolderGuid:BB8AF4C246C38D173850E8B115A3DCFE
 |   |   |- Guid:E4F4B3934ACE1464EE3C74AAB71E6FB6 BaseClass: NativeClass:/Script/Engine.StaticMeshActor Name:StaticMeshActor_2 Label:SM_Cylinder6 SpatiallyLoaded:1 Bounds:IsValid=true, Min=(X=7830.000 Y=2450.000 Z=0.000), Max=(X=7930.000 Y=2550.000 Z=300.000) RuntimeGrid:None EditorOnly:0 RuntimeOnly:0 HLODRelevant:1 ListedInSceneOutliner:1 IsMainWorldOnly:0 FolderPath:Pillars FolderGuid:BB8AF4C246C38D173850E8B115A3DCFE
 |   |   |- Guid:E867581846C392A8600D24803BE835CC BaseClass: NativeClass:/Script/Engine.SkyAtmosphere Name:SkyAtmosphere_1 Label:SkyAtmosphere SpatiallyLoaded:0 Bounds:IsValid=true, Min=(X=0.000 Y=0.000 Z=1020.000), Max=(X=0.000 Y=0.000 Z=1020.000) RuntimeGrid:None EditorOnly:0 RuntimeOnly:0 HLODRelevant:0 ListedInSceneOutliner:1 IsMainWorldOnly:0 FolderPath:Lighting FolderGuid:4C9334684BA61B42C769F799D2576455
 |   |   |- Guid:FA61716348750B0D747A649B7E1880C1 BaseClass: NativeClass:/Script/Engine.StaticMeshActor Name:StaticMeshActor_26 Label:SM_Ramp3 SpatiallyLoaded:1 Bounds:IsValid=true, Min=(X=1600.000 Y=400.000 Z=100.000), Max=(X=1900.000 Y=600.000 Z=200.000) RuntimeGrid:None EditorOnly:0 RuntimeOnly:0 HLODRelevant:1 ListedInSceneOutliner:1 IsMainWorldOnly:0 FolderPath:Block01 FolderGuid:4C556963462B5D49496AD286A4690C47
 |   |- [+] Clusters:
 |   |   |- [+] [  0]
 |   |   |   |- Guid:02208886431F2D838AC1A899B8527962 BaseClass: NativeClass:/Script/Engine.StaticMeshActor Name:StaticMeshActor_17 Label:SM_Cube SpatiallyLoaded:1 Bounds:IsValid=true, Min=(X=0.000 Y=0.000 Z=-50.000), Max=(X=10000.000 Y=10000.000 Z=0.000) RuntimeGrid:None EditorOnly:0 RuntimeOnly:0 HLODRelevant:1 ListedInSceneOutliner:1 IsMainWorldOnly:0 FolderPath:Playground FolderGuid:9FE5E8B349AF71F05F2688921F3F2AC5
 |   |   |- [+] [  1]
 |   |   |   |- Guid:067E5E0448DB93161853E78D48B0CD32 BaseClass: NativeClass:/Script/Engine.StaticMeshActor Name:StaticMeshActor_18 Label:SM_Cube2 SpatiallyLoaded:1 Bounds:IsValid=true, Min=(X=0.000 Y=0.000 Z=0.000), Max=(X=10000.000 Y=100.000 Z=400.000) RuntimeGrid:None EditorOnly:0 RuntimeOnly:0 HLODRelevant:1 ListedInSceneOutliner:1 IsMainWorldOnly:0 FolderPath:Playground FolderGuid:9FE5E8B349AF71F05F2688921F3F2AC5
 |   |   |- [+] [  2]
 |   |   |   |- Guid:17AE881E4857325FA6C9E2924F5EA5ED BaseClass: NativeClass:/Script/Engine.DirectionalLight Name:DirectionalLight_1 Label:DirectionalLight SpatiallyLoaded:0 Bounds:Invalid RuntimeGrid:None EditorOnly:0 RuntimeOnly:0 HLODRelevant:0 ListedInSceneOutliner:1 IsMainWorldOnly:0 FolderPath:Lighting FolderGuid:4C9334684BA61B42C769F799D2576455
 |   |   |- [+] [  3]
 |   |   |   |- Guid:1C954F814889AD063D4275B20208B15B BaseClass: NativeClass:/Script/Engine.StaticMeshActor Name:StaticMeshActor_40 Label:SM_Cylinder10 SpatiallyLoaded:1 Bounds:IsValid=true, Min=(X=4970.000 Y=3550.000 Z=0.000), Max=(X=5070.000 Y=3650.000 Z=300.000) RuntimeGrid:None EditorOnly:0 RuntimeOnly:0 HLODRelevant:1 ListedInSceneOutliner:1 IsMainWorldOnly:0 FolderPath:Pillars FolderGuid:BB8AF4C246C38D173850E8B115A3DCFE
 |   |   |- [+] [  4]
 |   |   |   |- Guid:1F2B7F2447DB23D9D9889EBDFC0A46DA BaseClass: NativeClass:/Script/NavigationSystem.NavMeshBoundsVolume Name:NavMeshBoundsVolume_1 Label:NavMeshBoundsVolume SpatiallyLoaded:0 Bounds:IsValid=true, Min=(X=0.000 Y=0.000 Z=-110.000), Max=(X=10000.000 Y=10000.000 Z=390.000) RuntimeGrid:None EditorOnly:0 RuntimeOnly:0 HLODRelevant:0 ListedInSceneOutliner:1 IsMainWorldOnly:0 FolderPath:Navigation FolderGuid:AE45D61F453CC144CF8289862C276E89
 |   |   |- [+] [  5]
 |   |   |   |- Guid:2197C8594D8AB404A70BA687DB9ACFDD BaseClass: NativeClass:/Script/Engine.StaticMeshActor Name:StaticMeshActor_19 Label:SM_Cube3 SpatiallyLoaded:1 Bounds:IsValid=true, Min=(X=0.000 Y=10000.000 Z=0.000), Max=(X=10000.000 Y=10100.000 Z=400.000) RuntimeGrid:None EditorOnly:0 RuntimeOnly:0 HLODRelevant:1 ListedInSceneOutliner:1 IsMainWorldOnly:0 FolderPath:Playground FolderGuid:9FE5E8B349AF71F05F2688921F3F2AC5
 |   |   |- [+] [  6]
 |   |   |   |- Guid:282155884F0982DA603F5AAC4C2F4E14 BaseClass: NativeClass:/Script/Engine.VolumetricCloud Name:VolumetricCloud_0 Label:VolumetricCloud SpatiallyLoaded:0 Bounds:IsValid=true, Min=(X=0.000 Y=0.000 Z=820.000), Max=(X=0.000 Y=0.000 Z=820.000) RuntimeGrid:None EditorOnly:0 RuntimeOnly:0 HLODRelevant:0 ListedInSceneOutliner:1 IsMainWorldOnly:0 FolderPath:Lighting FolderGuid:4C9334684BA61B42C769F799D2576455
 |   |   |- [+] [  7]
 |   |   |   |- Guid:2C224681490F035C0F4118A9E90EF46E BaseClass: NativeClass:/Script/Engine.ExponentialHeightFog Name:ExponentialHeightFog_1 Label:ExponentialHeightFog SpatiallyLoaded:0 Bounds:IsValid=true, Min=(X=-5600.000 Y=-50.000 Z=-6850.000), Max=(X=-5600.000 Y=-50.000 Z=-6850.000) RuntimeGrid:None EditorOnly:0 RuntimeOnly:0 HLODRelevant:0 ListedInSceneOutliner:1 IsMainWorldOnly:0 FolderPath:Lighting FolderGuid:4C9334684BA61B42C769F799D2576455
 |   |   |- [+] [  8]
 |   |   |   |- Guid:3323D9384683B99AEFFEE7B0FB423BC3 BaseClass: NativeClass:/Script/Engine.StaticMeshActor Name:StaticMeshActor_UAID_A4AE111137DC5CFB00_1660657071 Label:SM_SkySphere SpatiallyLoaded:0 Bounds:IsValid=true, Min=(X=-1638400.000 Y=-1638400.000 Z=-1638400.000), Max=(X=1638400.000 Y=1638400.000 Z=1638400.000) RuntimeGrid:None EditorOnly:0 RuntimeOnly:0 HLODRelevant:0 ListedInSceneOutliner:1 IsMainWorldOnly:0 FolderPath:Lighting FolderGuid:4C9334684BA61B42C769F799D2576455
 |   |   |- [+] [  9]
 |   |   |   |- Guid:34C9618549BEE4F0F84A8F98A56E8C5E BaseClass: NativeClass:/Script/Engine.StaticMeshActor Name:StaticMeshActor_3 Label:SM_Cylinder11 SpatiallyLoaded:1 Bounds:IsValid=true, Min=(X=6930.000 Y=5600.000 Z=0.000), Max=(X=7030.000 Y=5700.000 Z=300.000) RuntimeGrid:None EditorOnly:0 RuntimeOnly:0 HLODRelevant:1 ListedInSceneOutliner:1 IsMainWorldOnly:0 FolderPath:Pillars FolderGuid:BB8AF4C246C38D173850E8B115A3DCFE
 |   |   |- [+] [ 10]
 |   |   |   |- Guid:3506D10B44478E7C6EE29AA7E1076142 BaseClass: NativeClass:/Script/Engine.StaticMeshActor Name:StaticMeshActor_35 Label:SM_Cylinder5 SpatiallyLoaded:1 Bounds:IsValid=true, Min=(X=1750.000 Y=2750.000 Z=0.000), Max=(X=1850.000 Y=2850.000 Z=300.000) RuntimeGrid:None EditorOnly:0 RuntimeOnly:0 HLODRelevant:1 ListedInSceneOutliner:1 IsMainWorldOnly:0 FolderPath:Pillars FolderGuid:BB8AF4C246C38D173850E8B115A3DCFE
 |   |   |- [+] [ 11]
 |   |   |   |- Guid:36BF938741D7C94DEBCA82BBF29DB61C BaseClass: NativeClass:/Script/Engine.StaticMeshActor Name:StaticMeshActor_37 Label:SM_Cylinder7 SpatiallyLoaded:1 Bounds:IsValid=true, Min=(X=6140.000 Y=7020.000 Z=0.000), Max=(X=6240.000 Y=7120.000 Z=300.000) RuntimeGrid:None EditorOnly:0 RuntimeOnly:0 HLODRelevant:1 ListedInSceneOutliner:1 IsMainWorldOnly:0 FolderPath:Pillars FolderGuid:BB8AF4C246C38D173850E8B115A3DCFE
 |   |   |- [+] [ 12]
 |   |   |   |- Guid:3F941CD6453B4B2256E8828B9542BAD6 BaseClass: NativeClass:/Script/Engine.StaticMeshActor Name:StaticMeshActor_38 Label:SM_Cylinder8 SpatiallyLoaded:1 Bounds:IsValid=true, Min=(X=2250.000 Y=5220.000 Z=0.000), Max=(X=2350.000 Y=5320.000 Z=300.000) RuntimeGrid:None EditorOnly:0 RuntimeOnly:0 HLODRelevant:1 ListedInSceneOutliner:1 IsMainWorldOnly:0 FolderPath:Pillars FolderGuid:BB8AF4C246C38D173850E8B115A3DCFE
 |   |   |- [+] [ 13]
 |   |   |   |- Guid:488F0EDE4CB90BF102A35088497257A5 BaseClass: NativeClass:/Script/Engine.StaticMeshActor Name:StaticMeshActor_27 Label:SM_Cube10 SpatiallyLoaded:1 Bounds:IsValid=true, Min=(X=1900.000 Y=400.000 Z=100.000), Max=(X=2400.000 Y=600.000 Z=200.000) RuntimeGrid:None EditorOnly:0 RuntimeOnly:0 HLODRelevant:1 ListedInSceneOutliner:1 IsMainWorldOnly:0 FolderPath:Block01 FolderGuid:4C556963462B5D49496AD286A4690C47
 |   |   |- [+] [ 14]
 |   |   |   |- Guid:537E22134E10664EA4FFB2B07F6DBAC7 BaseClass: NativeClass:/Script/Engine.StaticMeshActor Name:StaticMeshActor_21 Label:SM_Ramp2 SpatiallyLoaded:1 Bounds:IsValid=true, Min=(X=1400.000 Y=600.000 Z=0.000), Max=(X=1600.000 Y=1000.000 Z=100.000) RuntimeGrid:None EditorOnly:0 RuntimeOnly:0 HLODRelevant:1 ListedInSceneOutliner:1 IsMainWorldOnly:0 FolderPath:Block01 FolderGuid:4C556963462B5D49496AD286A4690C47
 |   |   |- [+] [ 15]
 |   |   |   |- Guid:55E3E79740974B2B9DD3F8B2F2F31F76 BaseClass: NativeClass:/Script/Engine.StaticMeshActor Name:StaticMeshActor_0 Label:SM_QuarterCylinder7 SpatiallyLoaded:1 Bounds:IsValid=true, Min=(X=1900.000 Y=900.000 Z=0.000), Max=(X=2000.000 Y=1000.000 Z=200.000) RuntimeGrid:None EditorOnly:0 RuntimeOnly:0 HLODRelevant:1 ListedInSceneOutliner:1 IsMainWorldOnly:0 FolderPath:Block01 FolderGuid:4C556963462B5D49496AD286A4690C47
 |   |   |- [+] [ 16]
 |   |   |   |- Guid:5C893A2F40E7AE0A17C43D8BE520DCFE BaseClass: NativeClass:/Script/Engine.StaticMeshActor Name:StaticMeshActor_28 Label:SM_QuarterCylinder3 SpatiallyLoaded:1 Bounds:IsValid=true, Min=(X=2400.000 Y=400.000 Z=0.000), Max=(X=2500.000 Y=500.000 Z=200.000) RuntimeGrid:None EditorOnly:0 RuntimeOnly:0 HLODRelevant:1 ListedInSceneOutliner:1 IsMainWorldOnly:0 FolderPath:Block01 FolderGuid:4C556963462B5D49496AD286A4690C47
 |   |   |- [+] [ 17]
 |   |   |   |- Guid:7A5001704EF193B706C20FB43BCAE82A BaseClass: NativeClass:/Script/Engine.StaticMeshActor Name:StaticMeshActor_39 Label:SM_Cylinder9 SpatiallyLoaded:1 Bounds:IsValid=true, Min=(X=2450.000 Y=8770.000 Z=0.000), Max=(X=2550.000 Y=8870.000 Z=300.000) RuntimeGrid:None EditorOnly:0 RuntimeOnly:0 HLODRelevant:1 ListedInSceneOutliner:1 IsMainWorldOnly:0 FolderPath:Pillars FolderGuid:BB8AF4C246C38D173850E8B115A3DCFE
 |   |   |- [+] [ 18]
 |   |   |   |- Guid:8342DDAC47B5F05ED6DAE1A51B93D11F BaseClass: NativeClass:/Script/Engine.StaticMeshActor Name:StaticMeshActor_20 Label:SM_Cube4 SpatiallyLoaded:1 Bounds:IsValid=true, Min=(X=2000.000 Y=600.000 Z=0.000), Max=(X=2400.000 Y=1000.000 Z=200.000) RuntimeGrid:None EditorOnly:0 RuntimeOnly:0 HLODRelevant:1 ListedInSceneOutliner:1 IsMainWorldOnly:0 FolderPath:Block01 FolderGuid:4C556963462B5D49496AD286A4690C47
 |   |   |- [+] [ 19]
 |   |   |   |- Guid:8DC0B0334C9140AE0E4314824C5621B4 BaseClass: NativeClass:/Script/Engine.SkyLight Name:SkyLight_1 Label:SkyLight SpatiallyLoaded:0 Bounds:IsValid=true, Min=(X=0.000 Y=0.000 Z=690.000), Max=(X=0.000 Y=0.000 Z=690.000) RuntimeGrid:None EditorOnly:0 RuntimeOnly:0 HLODRelevant:0 ListedInSceneOutliner:1 IsMainWorldOnly:0 FolderPath:Lighting FolderGuid:4C9334684BA61B42C769F799D2576455
 |   |   |- [+] [ 20]
 |   |   |   |- Guid:929C7DC24BD5D772A030AFB3E73DE50E BaseClass: NativeClass:/Script/Engine.WorldDataLayers Name:WorldDataLayers Label:WorldDataLayers SpatiallyLoaded:0 Bounds:Invalid RuntimeGrid:None EditorOnly:0 RuntimeOnly:0 HLODRelevant:0 ListedInSceneOutliner:1 IsMainWorldOnly:1
 |   |   |- [+] [ 21]
 |   |   |   |- Guid:9B17C4B242E8442BA48FF494EF4BBF25 BaseClass: NativeClass:/Script/AIModule.NavLinkProxy Name:NavLinkProxy_3 Label:NavLinkProxy3 SpatiallyLoaded:1 Bounds:IsValid=true, Min=(X=2240.000 Y=1030.000 Z=90.000), Max=(X=2240.000 Y=1030.000 Z=90.000) RuntimeGrid:None EditorOnly:0 RuntimeOnly:0 HLODRelevant:0 ListedInSceneOutliner:1 IsMainWorldOnly:0 FolderPath:Navigation FolderGuid:AE45D61F453CC144CF8289862C276E89
 |   |   |- [+] [ 22]
 |   |   |   |- Guid:9B393582456377B5004CBDA223DCAF05 BaseClass: NativeClass:/Script/Engine.StaticMeshActor Name:StaticMeshActor_25 Label:SM_Cube9 SpatiallyLoaded:1 Bounds:IsValid=true, Min=(X=1400.000 Y=400.000 Z=0.000), Max=(X=2400.000 Y=600.000 Z=100.000) RuntimeGrid:None EditorOnly:0 RuntimeOnly:0 HLODRelevant:1 ListedInSceneOutliner:1 IsMainWorldOnly:0 FolderPath:Block01 FolderGuid:4C556963462B5D49496AD286A4690C47
 |   |   |- [+] [ 23]
 |   |   |   |- Guid:A9B70EF14219901CF4F571A6A65EB675 BaseClass: NativeClass:/Script/Engine.StaticMeshActor Name:StaticMeshActor_22 Label:SM_Cube5 SpatiallyLoaded:1 Bounds:IsValid=true, Min=(X=-0.000 Y=100.000 Z=0.000), Max=(X=100.000 Y=10100.000 Z=400.000) RuntimeGrid:None EditorOnly:0 RuntimeOnly:0 HLODRelevant:1 ListedInSceneOutliner:1 IsMainWorldOnly:0 FolderPath:Playground FolderGuid:9FE5E8B349AF71F05F2688921F3F2AC5
 |   |   |- [+] [ 24]
 |   |   |   |- Guid:BB2AE6C9438D00565A8205A2DA25A7F6 BaseClass: NativeClass:/Script/Engine.StaticMeshActor Name:StaticMeshActor_1 Label:SM_Cube8 SpatiallyLoaded:1 Bounds:IsValid=true, Min=(X=1900.000 Y=600.000 Z=0.000), Max=(X=2000.000 Y=900.000 Z=200.000) RuntimeGrid:None EditorOnly:0 RuntimeOnly:0 HLODRelevant:1 ListedInSceneOutliner:1 IsMainWorldOnly:0 FolderPath:Block01 FolderGuid:4C556963462B5D49496AD286A4690C47
 |   |   |- [+] [ 25]
 |   |   |   |- Guid:CB3782FF4F49190C3925FA8F0C017FB7 BaseClass: NativeClass:/Script/Engine.StaticMeshActor Name:StaticMeshActor_23 Label:SM_Cube6 SpatiallyLoaded:1 Bounds:IsValid=true, Min=(X=9900.000 Y=100.000 Z=0.000), Max=(X=10000.000 Y=10100.000 Z=400.000) RuntimeGrid:None EditorOnly:0 RuntimeOnly:0 HLODRelevant:1 ListedInSceneOutliner:1 IsMainWorldOnly:0 FolderPath:Playground FolderGuid:9FE5E8B349AF71F05F2688921F3F2AC5
 |   |   |- [+] [ 26]
 |   |   |   |- Guid:CBD930F1453CB49054DC3AA368D15911 BaseClass: NativeClass:/Script/Engine.PlayerStart Name:PlayerStart_0 Label:PlayerStart SpatiallyLoaded:0 Bounds:IsValid=true, Min=(X=960.000 Y=1770.000 Z=0.013), Max=(X=1040.000 Y=1850.000 Z=184.013) RuntimeGrid:None EditorOnly:0 RuntimeOnly:0 HLODRelevant:0 ListedInSceneOutliner:1 IsMainWorldOnly:0
 |   |   |- [+] [ 27]
 |   |   |   |- Guid:CE1992044E426F7F1735B6A8422124F6 BaseClass: NativeClass:/Script/Engine.StaticMeshActor Name:StaticMeshActor_29 Label:SM_QuarterCylinder6 SpatiallyLoaded:1 Bounds:IsValid=true, Min=(X=2400.000 Y=900.000 Z=0.000), Max=(X=2500.000 Y=1000.000 Z=200.000) RuntimeGrid:None EditorOnly:0 RuntimeOnly:0 HLODRelevant:1 ListedInSceneOutliner:1 IsMainWorldOnly:0 FolderPath:Block01 FolderGuid:4C556963462B5D49496AD286A4690C47
 |   |   |- [+] [ 28]
 |   |   |   |- Guid:D23F91BA472EC6C95871E99E0183F00B BaseClass: NativeClass:/Script/Engine.StaticMeshActor Name:StaticMeshActor_24 Label:SM_Cube7 SpatiallyLoaded:1 Bounds:IsValid=true, Min=(X=2400.000 Y=500.000 Z=0.000), Max=(X=2500.000 Y=900.000 Z=200.000) RuntimeGrid:None EditorOnly:0 RuntimeOnly:0 HLODRelevant:1 ListedInSceneOutliner:1 IsMainWorldOnly:0 FolderPath:Block01 FolderGuid:4C556963462B5D49496AD286A4690C47
 |   |   |- [+] [ 29]
 |   |   |   |- Guid:D7BCFC6744C83AE3E48DC8B530D6B1C9 BaseClass: NativeClass:/Script/Engine.PostProcessVolume Name:PostProcessVolume_1 Label:PostProcessVolume SpatiallyLoaded:0 Bounds:IsValid=true, Min=(X=0.000 Y=0.000 Z=400.000), Max=(X=200.000 Y=200.000 Z=600.000) RuntimeGrid:None EditorOnly:0 RuntimeOnly:0 HLODRelevant:0 ListedInSceneOutliner:1 IsMainWorldOnly:0 FolderPath:Lighting FolderGuid:4C9334684BA61B42C769F799D2576455
 |   |   |- [+] [ 30]
 |   |   |   |- Guid:DD732BDC45E279A30D04729D9120FDBA BaseClass: NativeClass:/Script/Engine.StaticMeshActor Name:StaticMeshActor_34 Label:SM_Cylinder4 SpatiallyLoaded:1 Bounds:IsValid=true, Min=(X=1010.000 Y=7590.000 Z=0.000), Max=(X=1110.000 Y=7690.000 Z=300.000) RuntimeGrid:None EditorOnly:0 RuntimeOnly:0 HLODRelevant:1 ListedInSceneOutliner:1 IsMainWorldOnly:0 FolderPath:Pillars FolderGuid:BB8AF4C246C38D173850E8B115A3DCFE
 |   |   |- [+] [ 31]
 |   |   |   |- Guid:E0EB1E604BB068CAA7CC49AEBAF8A7C8 BaseClass: NativeClass:/Script/Engine.StaticMeshActor Name:StaticMeshActor_66 Label:SM_Cylinder15 SpatiallyLoaded:1 Bounds:IsValid=true, Min=(X=2550.000 Y=1870.000 Z=0.000), Max=(X=2650.000 Y=1970.000 Z=300.000) RuntimeGrid:None EditorOnly:0 RuntimeOnly:0 HLODRelevant:1 ListedInSceneOutliner:1 IsMainWorldOnly:0 FolderPath:Pillars FolderGuid:BB8AF4C246C38D173850E8B115A3DCFE
 |   |   |- [+] [ 32]
 |   |   |   |- Guid:E4F4B3934ACE1464EE3C74AAB71E6FB6 BaseClass: NativeClass:/Script/Engine.StaticMeshActor Name:StaticMeshActor_2 Label:SM_Cylinder6 SpatiallyLoaded:1 Bounds:IsValid=true, Min=(X=7830.000 Y=2450.000 Z=0.000), Max=(X=7930.000 Y=2550.000 Z=300.000) RuntimeGrid:None EditorOnly:0 RuntimeOnly:0 HLODRelevant:1 ListedInSceneOutliner:1 IsMainWorldOnly:0 FolderPath:Pillars FolderGuid:BB8AF4C246C38D173850E8B115A3DCFE
 |   |   |- [+] [ 33]
 |   |   |   |- Guid:E867581846C392A8600D24803BE835CC BaseClass: NativeClass:/Script/Engine.SkyAtmosphere Name:SkyAtmosphere_1 Label:SkyAtmosphere SpatiallyLoaded:0 Bounds:IsValid=true, Min=(X=0.000 Y=0.000 Z=1020.000), Max=(X=0.000 Y=0.000 Z=1020.000) RuntimeGrid:None EditorOnly:0 RuntimeOnly:0 HLODRelevant:0 ListedInSceneOutliner:1 IsMainWorldOnly:0 FolderPath:Lighting FolderGuid:4C9334684BA61B42C769F799D2576455
 |   |   |- [+] [ 34]
 |   |   |   |- Guid:FA61716348750B0D747A649B7E1880C1 BaseClass: NativeClass:/Script/Engine.StaticMeshActor Name:StaticMeshActor_26 Label:SM_Ramp3 SpatiallyLoaded:1 Bounds:IsValid=true, Min=(X=1600.000 Y=400.000 Z=100.000), Max=(X=1900.000 Y=600.000 Z=200.000) RuntimeGrid:None EditorOnly:0 RuntimeOnly:0 HLODRelevant:1 ListedInSceneOutliner:1 IsMainWorldOnly:0 FolderPath:Block01 FolderGuid:4C556963462B5D49496AD286A4690C47
 |- ContainerInstances:
 |- [+] MainContainer:
 |   |-        ID: 00000000000000000000000000000000
 |   |-  ParentID: 00000000000000000000000000000000
 |   |-    Bounds: IsValid=false, Min=(X=0.000 Y=0.000 Z=0.000), Max=(X=0.000 Y=0.000 Z=0.000)
 |   |- Transform: 0.000000,0.000000,0.000000|0.000000,0.000000,-0.000000|1.000000,1.000000,1.000000
 |   |- Container: /Game/Gameplay
----------------------------------------------------------------------------------------------------------------
Gameplay - Persistent Level
----------------------------------------------------------------------------------------------------------------
[+] Content of Gameplay Persistent Level
 |- Always loaded Actor Count: 35 
 |- Actor Path: /Game/Gameplay.Gameplay:PersistentLevel.DirectionalLight_1
 |- Actor Package: /Game/__ExternalActors__/Gameplay/E/V5/C9ZOWQCHLPJ4B78LSW9QC2
 |- Actor Path: /Game/Gameplay.Gameplay:PersistentLevel.ExponentialHeightFog_1
 |- Actor Package: /Game/__ExternalActors__/Gameplay/5/LA/8SAS4FW2L7L16AYMS4PMX3
 |- Actor Path: /Game/Gameplay.Gameplay:PersistentLevel.NavLinkProxy_3
 |- Actor Package: /Game/__ExternalActors__/Gameplay/C/17/C5EGLQNDXLIUHDYA90NFPH
 |- Actor Path: /Game/Gameplay.Gameplay:PersistentLevel.NavMeshBoundsVolume_1
 |- Actor Package: /Game/__ExternalActors__/Gameplay/8/CQ/VO45CQVN48XYE6YM6XVI1X
 |- Actor Path: /Game/Gameplay.Gameplay:PersistentLevel.PlayerStart_0
 |- Actor Package: /Game/__ExternalActors__/Gameplay/C/K8/2RJ7QSEDA4XD6K6USKZKUA
 |- Actor Path: /Game/Gameplay.Gameplay:PersistentLevel.PostProcessVolume_1
 |- Actor Package: /Game/__ExternalActors__/Gameplay/9/UT/XMNLH4MWRYP5AKNK71SYCJ
 |- Actor Path: /Game/Gameplay.Gameplay:PersistentLevel.SkyAtmosphere_1
 |- Actor Package: /Game/__ExternalActors__/Gameplay/9/UT/73YYX35HC5CWS7HJN39XAB
 |- Actor Path: /Game/Gameplay.Gameplay:PersistentLevel.SkyLight_1
 |- Actor Package: /Game/__ExternalActors__/Gameplay/A/1Q/DNJB7OPX0BBG1CRWK8PZPV
 |- Actor Path: /Game/Gameplay.Gameplay:PersistentLevel.StaticMeshActor_0
 |- Actor Package: /Game/__ExternalActors__/Gameplay/C/JM/QXUU0MLF832J8TQO4AF7RE
 |- Actor Path: /Game/Gameplay.Gameplay:PersistentLevel.StaticMeshActor_1
 |- Actor Package: /Game/__ExternalActors__/Gameplay/3/KM/LR3D8ABUD0FKUKITCFBYQ3
 |- Actor Path: /Game/Gameplay.Gameplay:PersistentLevel.StaticMeshActor_17
 |- Actor Package: /Game/__ExternalActors__/Gameplay/E/EZ/9U06YZRA90I6CQDFWW4C8L
 |- Actor Path: /Game/Gameplay.Gameplay:PersistentLevel.StaticMeshActor_18
 |- Actor Package: /Game/__ExternalActors__/Gameplay/C/6T/U89GOEKIFMW5AZ3JQB8T8X
 |- Actor Path: /Game/Gameplay.Gameplay:PersistentLevel.StaticMeshActor_19
 |- Actor Package: /Game/__ExternalActors__/Gameplay/A/L2/SWVV0NU2W3GSK636ZTEQMO
 |- Actor Path: /Game/Gameplay.Gameplay:PersistentLevel.StaticMeshActor_2
 |- Actor Package: /Game/__ExternalActors__/Gameplay/1/RZ/VJYPW27S96G34X824EPRG3
 |- Actor Path: /Game/Gameplay.Gameplay:PersistentLevel.StaticMeshActor_20
 |- Actor Package: /Game/__ExternalActors__/Gameplay/4/4H/S0O02NJO4EJS2LEEQFQXAU
 |- Actor Path: /Game/Gameplay.Gameplay:PersistentLevel.StaticMeshActor_21
 |- Actor Package: /Game/__ExternalActors__/Gameplay/C/JP/7O72HCE6Z71MX2ODXO0U10
 |- Actor Path: /Game/Gameplay.Gameplay:PersistentLevel.StaticMeshActor_22
 |- Actor Package: /Game/__ExternalActors__/Gameplay/E/D5/UWHUF0O7O0367YVQGFAD98
 |- Actor Path: /Game/Gameplay.Gameplay:PersistentLevel.StaticMeshActor_23
 |- Actor Package: /Game/__ExternalActors__/Gameplay/C/BC/JKDAZXMFDN6VOUOB0T0NR7
 |- Actor Path: /Game/Gameplay.Gameplay:PersistentLevel.StaticMeshActor_24
 |- Actor Package: /Game/__ExternalActors__/Gameplay/0/AZ/MYJJDML46H3NJYXMXN3HFO
 |- Actor Path: /Game/Gameplay.Gameplay:PersistentLevel.StaticMeshActor_25
 |- Actor Package: /Game/__ExternalActors__/Gameplay/7/FW/OUTLJ1AX4XYRK0S1739TYS
 |- Actor Path: /Game/Gameplay.Gameplay:PersistentLevel.StaticMeshActor_26
 |- Actor Package: /Game/__ExternalActors__/Gameplay/3/LX/48PRLLV0IN01ZXXJRUQ9L0
 |- Actor Path: /Game/Gameplay.Gameplay:PersistentLevel.StaticMeshActor_27
 |- Actor Package: /Game/__ExternalActors__/Gameplay/8/4C/5J67GZ7DHE14DU7TBYSBQY
 |- Actor Path: /Game/Gameplay.Gameplay:PersistentLevel.StaticMeshActor_28
 |- Actor Package: /Game/__ExternalActors__/Gameplay/7/9I/NZON0782WSPALWCLNSRK7Z
 |- Actor Path: /Game/Gameplay.Gameplay:PersistentLevel.StaticMeshActor_29
 |- Actor Package: /Game/__ExternalActors__/Gameplay/3/A4/1RLJVOXAMVPMNT5XIQ4FI2
 |- Actor Path: /Game/Gameplay.Gameplay:PersistentLevel.StaticMeshActor_3
 |- Actor Package: /Game/__ExternalActors__/Gameplay/B/AB/U4ZYE7H7YG8KW2COYMRME0
 |- Actor Path: /Game/Gameplay.Gameplay:PersistentLevel.StaticMeshActor_34
 |- Actor Package: /Game/__ExternalActors__/Gameplay/B/WS/JU11QHPPA9WSFCQBEW5ISH
 |- Actor Path: /Game/Gameplay.Gameplay:PersistentLevel.StaticMeshActor_35
 |- Actor Package: /Game/__ExternalActors__/Gameplay/6/Z1/DJ4OPED7E6UFGAATBM5CBC
 |- Actor Path: /Game/Gameplay.Gameplay:PersistentLevel.StaticMeshActor_37
 |- Actor Package: /Game/__ExternalActors__/Gameplay/9/5B/TBNL0GFTLS3ZM88QDTK2NQ
 |- Actor Path: /Game/Gameplay.Gameplay:PersistentLevel.StaticMeshActor_38
 |- Actor Package: /Game/__ExternalActors__/Gameplay/9/ZP/RP19FI7WWLDMZN0MQPLZLD
 |- Actor Path: /Game/Gameplay.Gameplay:PersistentLevel.StaticMeshActor_39
 |- Actor Package: /Game/__ExternalActors__/Gameplay/D/RA/XEL0VTF1BY1P5ZCIWNTAPY
 |- Actor Path: /Game/Gameplay.Gameplay:PersistentLevel.StaticMeshActor_40
 |- Actor Package: /Game/__ExternalActors__/Gameplay/E/YN/MQ0WIR72N75PCP9FGGNWES
 |- Actor Path: /Game/Gameplay.Gameplay:PersistentLevel.StaticMeshActor_66
 |- Actor Package: /Game/__ExternalActors__/Gameplay/3/L0/5WMXIL2BFVY565Z89QJC80
 |- Actor Path: /Game/Gameplay.Gameplay:PersistentLevel.StaticMeshActor_UAID_A4AE111137DC5CFB00_1660657071
 |- Actor Package: /Game/__ExternalActors__/Gameplay/3/9I/893ZWWBM2ETYO6EI3SMRXS
 |- Actor Path: /Game/Gameplay.Gameplay:PersistentLevel.VolumetricCloud_0
 |- Actor Package: /Game/__ExternalActors__/Gameplay/9/0V/YRX1SWYQQPR2I0MORISNCM
 |- Actor Path: /Game/Gameplay.Gameplay:PersistentLevel.WorldDataLayers
 |- Actor Package: /Game/__ExternalActors__/Gameplay/E/3F/HRQ3YIED8ZYVXG8Q0THF54

----------------------------------------------------------------------------------------------------------------
Gameplay - Runtime Hash Set
----------------------------------------------------------------------------------------------------------------

